  main.cpp
c:\users\dominik\desktop\grafika\zajecia6\zad1\main\main\materials.h(17): warning C4838: conversion from 'double' to 'const GLfloat' requires a narrowing conversion
c:\users\dominik\desktop\grafika\zajecia6\zad1\main\main\materials.h(17): warning C4305: 'initializing': truncation from 'double' to 'const GLfloat'
c:\users\dominik\desktop\grafika\zajecia6\zad1\main\main\materials.h(22): warning C4838: conversion from 'double' to 'const GLfloat' requires a narrowing conversion
c:\users\dominik\desktop\grafika\zajecia6\zad1\main\main\materials.h(22): warning C4305: 'initializing': truncation from 'double' to 'const GLfloat'
c:\users\dominik\desktop\grafika\zajecia6\zad1\main\main\materials.h(27): warning C4838: conversion from 'double' to 'const GLfloat' requires a narrowing conversion
c:\users\dominik\desktop\grafika\zajecia6\zad1\main\main\materials.h(27): warning C4305: 'initializing': truncation from 'double' to 'const GLfloat'
c:\users\dominik\desktop\grafika\zajecia6\zad1\main\main\materials.h(29): warning C4305: 'initializing': truncation from 'double' to 'GLfloat'
c:\users\dominik\desktop\grafika\zajecia6\zad1\main\main\materials.h(36): warning C4838: conversion from 'double' to 'const GLfloat' requires a narrowing conversion
c:\users\dominik\desktop\grafika\zajecia6\zad1\main\main\materials.h(36): warning C4305: 'initializing': truncation from 'double' to 'const GLfloat'
c:\users\dominik\desktop\grafika\zajecia6\zad1\main\main\materials.h(41): warning C4838: conversion from 'double' to 'const GLfloat' requires a narrowing conversion
c:\users\dominik\desktop\grafika\zajecia6\zad1\main\main\materials.h(41): warning C4305: 'initializing': truncation from 'double' to 'const GLfloat'
c:\users\dominik\desktop\grafika\zajecia6\zad1\main\main\materials.h(46): warning C4838: conversion from 'double' to 'const GLfloat' requires a narrowing conversion
c:\users\dominik\desktop\grafika\zajecia6\zad1\main\main\materials.h(46): warning C4305: 'initializing': truncation from 'double' to 'const GLfloat'
c:\users\dominik\desktop\grafika\zajecia6\zad1\main\main\materials.h(48): warning C4305: 'initializing': truncation from 'double' to 'GLfloat'
c:\users\dominik\desktop\grafika\zajecia6\zad1\main\main\materials.h(55): warning C4838: conversion from 'double' to 'const GLfloat' requires a narrowing conversion
c:\users\dominik\desktop\grafika\zajecia6\zad1\main\main\materials.h(55): warning C4305: 'initializing': truncation from 'double' to 'const GLfloat'
c:\users\dominik\desktop\grafika\zajecia6\zad1\main\main\materials.h(60): warning C4838: conversion from 'double' to 'const GLfloat' requires a narrowing conversion
c:\users\dominik\desktop\grafika\zajecia6\zad1\main\main\materials.h(60): warning C4305: 'initializing': truncation from 'double' to 'const GLfloat'
c:\users\dominik\desktop\grafika\zajecia6\zad1\main\main\materials.h(65): warning C4838: conversion from 'double' to 'const GLfloat' requires a narrowing conversion
c:\users\dominik\desktop\grafika\zajecia6\zad1\main\main\materials.h(65): warning C4305: 'initializing': truncation from 'double' to 'const GLfloat'
c:\users\dominik\desktop\grafika\zajecia6\zad1\main\main\materials.h(67): warning C4305: 'initializing': truncation from 'double' to 'GLfloat'
c:\users\dominik\desktop\grafika\zajecia6\zad1\main\main\materials.h(79): warning C4838: conversion from 'double' to 'const GLfloat' requires a narrowing conversion
c:\users\dominik\desktop\grafika\zajecia6\zad1\main\main\materials.h(79): warning C4305: 'initializing': truncation from 'double' to 'const GLfloat'
c:\users\dominik\desktop\grafika\zajecia6\zad1\main\main\materials.h(84): warning C4838: conversion from 'double' to 'const GLfloat' requires a narrowing conversion
c:\users\dominik\desktop\grafika\zajecia6\zad1\main\main\materials.h(84): warning C4305: 'initializing': truncation from 'double' to 'const GLfloat'
c:\users\dominik\desktop\grafika\zajecia6\zad1\main\main\materials.h(86): warning C4305: 'initializing': truncation from 'double' to 'GLfloat'
c:\users\dominik\desktop\grafika\zajecia6\zad1\main\main\materials.h(93): warning C4838: conversion from 'double' to 'const GLfloat' requires a narrowing conversion
c:\users\dominik\desktop\grafika\zajecia6\zad1\main\main\materials.h(93): warning C4305: 'initializing': truncation from 'double' to 'const GLfloat'
c:\users\dominik\desktop\grafika\zajecia6\zad1\main\main\materials.h(98): warning C4838: conversion from 'double' to 'const GLfloat' requires a narrowing conversion
c:\users\dominik\desktop\grafika\zajecia6\zad1\main\main\materials.h(98): warning C4305: 'initializing': truncation from 'double' to 'const GLfloat'
c:\users\dominik\desktop\grafika\zajecia6\zad1\main\main\materials.h(103): warning C4838: conversion from 'double' to 'const GLfloat' requires a narrowing conversion
c:\users\dominik\desktop\grafika\zajecia6\zad1\main\main\materials.h(103): warning C4305: 'initializing': truncation from 'double' to 'const GLfloat'
c:\users\dominik\desktop\grafika\zajecia6\zad1\main\main\materials.h(105): warning C4305: 'initializing': truncation from 'double' to 'GLfloat'
c:\users\dominik\desktop\grafika\zajecia6\zad1\main\main\materials.h(112): warning C4838: conversion from 'double' to 'const GLfloat' requires a narrowing conversion
c:\users\dominik\desktop\grafika\zajecia6\zad1\main\main\materials.h(112): warning C4305: 'initializing': truncation from 'double' to 'const GLfloat'
c:\users\dominik\desktop\grafika\zajecia6\zad1\main\main\materials.h(117): warning C4838: conversion from 'double' to 'const GLfloat' requires a narrowing conversion
c:\users\dominik\desktop\grafika\zajecia6\zad1\main\main\materials.h(117): warning C4305: 'initializing': truncation from 'double' to 'const GLfloat'
c:\users\dominik\desktop\grafika\zajecia6\zad1\main\main\materials.h(122): warning C4838: conversion from 'double' to 'const GLfloat' requires a narrowing conversion
c:\users\dominik\desktop\grafika\zajecia6\zad1\main\main\materials.h(122): warning C4305: 'initializing': truncation from 'double' to 'const GLfloat'
c:\users\dominik\desktop\grafika\zajecia6\zad1\main\main\materials.h(124): warning C4305: 'initializing': truncation from 'double' to 'GLfloat'
c:\users\dominik\desktop\grafika\zajecia6\zad1\main\main\materials.h(131): warning C4838: conversion from 'double' to 'const GLfloat' requires a narrowing conversion
c:\users\dominik\desktop\grafika\zajecia6\zad1\main\main\materials.h(131): warning C4305: 'initializing': truncation from 'double' to 'const GLfloat'
c:\users\dominik\desktop\grafika\zajecia6\zad1\main\main\materials.h(136): warning C4838: conversion from 'double' to 'const GLfloat' requires a narrowing conversion
c:\users\dominik\desktop\grafika\zajecia6\zad1\main\main\materials.h(136): warning C4305: 'initializing': truncation from 'double' to 'const GLfloat'
c:\users\dominik\desktop\grafika\zajecia6\zad1\main\main\materials.h(141): warning C4838: conversion from 'double' to 'const GLfloat' requires a narrowing conversion
c:\users\dominik\desktop\grafika\zajecia6\zad1\main\main\materials.h(141): warning C4305: 'initializing': truncation from 'double' to 'const GLfloat'
c:\users\dominik\desktop\grafika\zajecia6\zad1\main\main\materials.h(143): warning C4305: 'initializing': truncation from 'double' to 'GLfloat'
c:\users\dominik\desktop\grafika\zajecia6\zad1\main\main\materials.h(150): warning C4838: conversion from 'double' to 'const GLfloat' requires a narrowing conversion
c:\users\dominik\desktop\grafika\zajecia6\zad1\main\main\materials.h(150): warning C4305: 'initializing': truncation from 'double' to 'const GLfloat'
c:\users\dominik\desktop\grafika\zajecia6\zad1\main\main\materials.h(155): warning C4838: conversion from 'double' to 'const GLfloat' requires a narrowing conversion
c:\users\dominik\desktop\grafika\zajecia6\zad1\main\main\materials.h(155): warning C4305: 'initializing': truncation from 'double' to 'const GLfloat'
c:\users\dominik\desktop\grafika\zajecia6\zad1\main\main\materials.h(160): warning C4838: conversion from 'double' to 'const GLfloat' requires a narrowing conversion
c:\users\dominik\desktop\grafika\zajecia6\zad1\main\main\materials.h(160): warning C4305: 'initializing': truncation from 'double' to 'const GLfloat'
c:\users\dominik\desktop\grafika\zajecia6\zad1\main\main\materials.h(162): warning C4305: 'initializing': truncation from 'double' to 'GLfloat'
c:\users\dominik\desktop\grafika\zajecia6\zad1\main\main\materials.h(169): warning C4838: conversion from 'double' to 'const GLfloat' requires a narrowing conversion
c:\users\dominik\desktop\grafika\zajecia6\zad1\main\main\materials.h(169): warning C4305: 'initializing': truncation from 'double' to 'const GLfloat'
c:\users\dominik\desktop\grafika\zajecia6\zad1\main\main\materials.h(174): warning C4838: conversion from 'double' to 'const GLfloat' requires a narrowing conversion
c:\users\dominik\desktop\grafika\zajecia6\zad1\main\main\materials.h(174): warning C4305: 'initializing': truncation from 'double' to 'const GLfloat'
c:\users\dominik\desktop\grafika\zajecia6\zad1\main\main\materials.h(179): warning C4838: conversion from 'double' to 'const GLfloat' requires a narrowing conversion
c:\users\dominik\desktop\grafika\zajecia6\zad1\main\main\materials.h(179): warning C4305: 'initializing': truncation from 'double' to 'const GLfloat'
c:\users\dominik\desktop\grafika\zajecia6\zad1\main\main\materials.h(181): warning C4305: 'initializing': truncation from 'double' to 'GLfloat'
c:\users\dominik\desktop\grafika\zajecia6\zad1\main\main\materials.h(188): warning C4838: conversion from 'double' to 'const GLfloat' requires a narrowing conversion
c:\users\dominik\desktop\grafika\zajecia6\zad1\main\main\materials.h(188): warning C4305: 'initializing': truncation from 'double' to 'const GLfloat'
c:\users\dominik\desktop\grafika\zajecia6\zad1\main\main\materials.h(193): warning C4838: conversion from 'double' to 'const GLfloat' requires a narrowing conversion
c:\users\dominik\desktop\grafika\zajecia6\zad1\main\main\materials.h(193): warning C4305: 'initializing': truncation from 'double' to 'const GLfloat'
c:\users\dominik\desktop\grafika\zajecia6\zad1\main\main\materials.h(198): warning C4838: conversion from 'double' to 'const GLfloat' requires a narrowing conversion
c:\users\dominik\desktop\grafika\zajecia6\zad1\main\main\materials.h(198): warning C4305: 'initializing': truncation from 'double' to 'const GLfloat'
c:\users\dominik\desktop\grafika\zajecia6\zad1\main\main\materials.h(200): warning C4305: 'initializing': truncation from 'double' to 'GLfloat'
c:\users\dominik\desktop\grafika\zajecia6\zad1\main\main\materials.h(207): warning C4838: conversion from 'double' to 'const GLfloat' requires a narrowing conversion
c:\users\dominik\desktop\grafika\zajecia6\zad1\main\main\materials.h(207): warning C4305: 'initializing': truncation from 'double' to 'const GLfloat'
c:\users\dominik\desktop\grafika\zajecia6\zad1\main\main\materials.h(212): warning C4838: conversion from 'double' to 'const GLfloat' requires a narrowing conversion
c:\users\dominik\desktop\grafika\zajecia6\zad1\main\main\materials.h(212): warning C4305: 'initializing': truncation from 'double' to 'const GLfloat'
c:\users\dominik\desktop\grafika\zajecia6\zad1\main\main\materials.h(217): warning C4838: conversion from 'double' to 'const GLfloat' requires a narrowing conversion
c:\users\dominik\desktop\grafika\zajecia6\zad1\main\main\materials.h(217): warning C4305: 'initializing': truncation from 'double' to 'const GLfloat'
c:\users\dominik\desktop\grafika\zajecia6\zad1\main\main\materials.h(219): warning C4305: 'initializing': truncation from 'double' to 'GLfloat'
c:\users\dominik\desktop\grafika\zajecia6\zad1\main\main\materials.h(226): warning C4838: conversion from 'double' to 'const GLfloat' requires a narrowing conversion
c:\users\dominik\desktop\grafika\zajecia6\zad1\main\main\materials.h(226): warning C4305: 'initializing': truncation from 'double' to 'const GLfloat'
c:\users\dominik\desktop\grafika\zajecia6\zad1\main\main\materials.h(231): warning C4838: conversion from 'double' to 'const GLfloat' requires a narrowing conversion
c:\users\dominik\desktop\grafika\zajecia6\zad1\main\main\materials.h(231): warning C4305: 'initializing': truncation from 'double' to 'const GLfloat'
c:\users\dominik\desktop\grafika\zajecia6\zad1\main\main\materials.h(236): warning C4838: conversion from 'double' to 'const GLfloat' requires a narrowing conversion
c:\users\dominik\desktop\grafika\zajecia6\zad1\main\main\materials.h(236): warning C4305: 'initializing': truncation from 'double' to 'const GLfloat'
c:\users\dominik\desktop\grafika\zajecia6\zad1\main\main\materials.h(238): warning C4305: 'initializing': truncation from 'double' to 'GLfloat'
c:\users\dominik\desktop\grafika\zajecia6\zad1\main\main\materials.h(245): warning C4838: conversion from 'double' to 'const GLfloat' requires a narrowing conversion
c:\users\dominik\desktop\grafika\zajecia6\zad1\main\main\materials.h(245): warning C4305: 'initializing': truncation from 'double' to 'const GLfloat'
c:\users\dominik\desktop\grafika\zajecia6\zad1\main\main\materials.h(250): warning C4838: conversion from 'double' to 'const GLfloat' requires a narrowing conversion
c:\users\dominik\desktop\grafika\zajecia6\zad1\main\main\materials.h(250): warning C4305: 'initializing': truncation from 'double' to 'const GLfloat'
c:\users\dominik\desktop\grafika\zajecia6\zad1\main\main\materials.h(255): warning C4838: conversion from 'double' to 'const GLfloat' requires a narrowing conversion
c:\users\dominik\desktop\grafika\zajecia6\zad1\main\main\materials.h(255): warning C4305: 'initializing': truncation from 'double' to 'const GLfloat'
c:\users\dominik\desktop\grafika\zajecia6\zad1\main\main\materials.h(257): warning C4305: 'initializing': truncation from 'double' to 'GLfloat'
c:\users\dominik\desktop\grafika\zajecia6\zad1\main\main\materials.h(264): warning C4838: conversion from 'double' to 'const GLfloat' requires a narrowing conversion
c:\users\dominik\desktop\grafika\zajecia6\zad1\main\main\materials.h(264): warning C4305: 'initializing': truncation from 'double' to 'const GLfloat'
c:\users\dominik\desktop\grafika\zajecia6\zad1\main\main\materials.h(269): warning C4838: conversion from 'double' to 'const GLfloat' requires a narrowing conversion
c:\users\dominik\desktop\grafika\zajecia6\zad1\main\main\materials.h(269): warning C4305: 'initializing': truncation from 'double' to 'const GLfloat'
c:\users\dominik\desktop\grafika\zajecia6\zad1\main\main\materials.h(274): warning C4838: conversion from 'double' to 'const GLfloat' requires a narrowing conversion
c:\users\dominik\desktop\grafika\zajecia6\zad1\main\main\materials.h(274): warning C4305: 'initializing': truncation from 'double' to 'const GLfloat'
c:\users\dominik\desktop\grafika\zajecia6\zad1\main\main\materials.h(276): warning C4305: 'initializing': truncation from 'double' to 'GLfloat'
c:\users\dominik\desktop\grafika\zajecia6\zad1\main\main\materials.h(283): warning C4838: conversion from 'double' to 'const GLfloat' requires a narrowing conversion
c:\users\dominik\desktop\grafika\zajecia6\zad1\main\main\materials.h(283): warning C4305: 'initializing': truncation from 'double' to 'const GLfloat'
c:\users\dominik\desktop\grafika\zajecia6\zad1\main\main\materials.h(288): warning C4838: conversion from 'double' to 'const GLfloat' requires a narrowing conversion
c:\users\dominik\desktop\grafika\zajecia6\zad1\main\main\materials.h(288): warning C4305: 'initializing': truncation from 'double' to 'const GLfloat'
c:\users\dominik\desktop\grafika\zajecia6\zad1\main\main\materials.h(293): warning C4838: conversion from 'double' to 'const GLfloat' requires a narrowing conversion
c:\users\dominik\desktop\grafika\zajecia6\zad1\main\main\materials.h(293): warning C4305: 'initializing': truncation from 'double' to 'const GLfloat'
c:\users\dominik\desktop\grafika\zajecia6\zad1\main\main\materials.h(295): warning C4305: 'initializing': truncation from 'double' to 'GLfloat'
c:\users\dominik\desktop\grafika\zajecia6\zad1\main\main\materials.h(302): warning C4838: conversion from 'double' to 'const GLfloat' requires a narrowing conversion
c:\users\dominik\desktop\grafika\zajecia6\zad1\main\main\materials.h(302): warning C4305: 'initializing': truncation from 'double' to 'const GLfloat'
c:\users\dominik\desktop\grafika\zajecia6\zad1\main\main\materials.h(307): warning C4838: conversion from 'double' to 'const GLfloat' requires a narrowing conversion
c:\users\dominik\desktop\grafika\zajecia6\zad1\main\main\materials.h(307): warning C4305: 'initializing': truncation from 'double' to 'const GLfloat'
c:\users\dominik\desktop\grafika\zajecia6\zad1\main\main\materials.h(312): warning C4838: conversion from 'double' to 'const GLfloat' requires a narrowing conversion
c:\users\dominik\desktop\grafika\zajecia6\zad1\main\main\materials.h(312): warning C4305: 'initializing': truncation from 'double' to 'const GLfloat'
c:\users\dominik\desktop\grafika\zajecia6\zad1\main\main\materials.h(314): warning C4305: 'initializing': truncation from 'double' to 'GLfloat'
c:\users\dominik\desktop\grafika\zajecia6\zad1\main\main\materials.h(321): warning C4838: conversion from 'double' to 'const GLfloat' requires a narrowing conversion
c:\users\dominik\desktop\grafika\zajecia6\zad1\main\main\materials.h(321): warning C4305: 'initializing': truncation from 'double' to 'const GLfloat'
c:\users\dominik\desktop\grafika\zajecia6\zad1\main\main\materials.h(326): warning C4838: conversion from 'double' to 'const GLfloat' requires a narrowing conversion
c:\users\dominik\desktop\grafika\zajecia6\zad1\main\main\materials.h(326): warning C4305: 'initializing': truncation from 'double' to 'const GLfloat'
c:\users\dominik\desktop\grafika\zajecia6\zad1\main\main\materials.h(331): warning C4838: conversion from 'double' to 'const GLfloat' requires a narrowing conversion
c:\users\dominik\desktop\grafika\zajecia6\zad1\main\main\materials.h(331): warning C4305: 'initializing': truncation from 'double' to 'const GLfloat'
c:\users\dominik\desktop\grafika\zajecia6\zad1\main\main\materials.h(333): warning C4305: 'initializing': truncation from 'double' to 'GLfloat'
c:\users\dominik\desktop\grafika\zajecia6\zad1\main\main\materials.h(345): warning C4838: conversion from 'double' to 'const GLfloat' requires a narrowing conversion
c:\users\dominik\desktop\grafika\zajecia6\zad1\main\main\materials.h(345): warning C4305: 'initializing': truncation from 'double' to 'const GLfloat'
c:\users\dominik\desktop\grafika\zajecia6\zad1\main\main\materials.h(359): warning C4838: conversion from 'double' to 'const GLfloat' requires a narrowing conversion
c:\users\dominik\desktop\grafika\zajecia6\zad1\main\main\materials.h(359): warning C4305: 'initializing': truncation from 'double' to 'const GLfloat'
c:\users\dominik\desktop\grafika\zajecia6\zad1\main\main\materials.h(364): warning C4838: conversion from 'double' to 'const GLfloat' requires a narrowing conversion
c:\users\dominik\desktop\grafika\zajecia6\zad1\main\main\materials.h(364): warning C4305: 'initializing': truncation from 'double' to 'const GLfloat'
c:\users\dominik\desktop\grafika\zajecia6\zad1\main\main\materials.h(369): warning C4838: conversion from 'double' to 'const GLfloat' requires a narrowing conversion
c:\users\dominik\desktop\grafika\zajecia6\zad1\main\main\materials.h(369): warning C4305: 'initializing': truncation from 'double' to 'const GLfloat'
c:\users\dominik\desktop\grafika\zajecia6\zad1\main\main\colors.h(20): warning C4838: conversion from 'double' to 'const GLfloat' requires a narrowing conversion
c:\users\dominik\desktop\grafika\zajecia6\zad1\main\main\colors.h(20): warning C4305: 'initializing': truncation from 'double' to 'const GLfloat'
c:\users\dominik\desktop\grafika\zajecia6\zad1\main\main\colors.h(25): warning C4838: conversion from 'double' to 'const GLfloat' requires a narrowing conversion
c:\users\dominik\desktop\grafika\zajecia6\zad1\main\main\colors.h(25): warning C4305: 'initializing': truncation from 'double' to 'const GLfloat'
c:\users\dominik\desktop\grafika\zajecia6\zad1\main\main\colors.h(35): warning C4838: conversion from 'double' to 'const GLfloat' requires a narrowing conversion
c:\users\dominik\desktop\grafika\zajecia6\zad1\main\main\colors.h(35): warning C4305: 'initializing': truncation from 'double' to 'const GLfloat'
c:\users\dominik\desktop\grafika\zajecia6\zad1\main\main\colors.h(42): warning C4838: conversion from 'double' to 'const GLfloat' requires a narrowing conversion
c:\users\dominik\desktop\grafika\zajecia6\zad1\main\main\colors.h(42): warning C4305: 'initializing': truncation from 'double' to 'const GLfloat'
c:\users\dominik\desktop\grafika\zajecia6\zad1\main\main\colors.h(49): warning C4838: conversion from 'double' to 'const GLfloat' requires a narrowing conversion
c:\users\dominik\desktop\grafika\zajecia6\zad1\main\main\colors.h(49): warning C4305: 'initializing': truncation from 'double' to 'const GLfloat'
c:\users\dominik\desktop\grafika\zajecia6\zad1\main\main\colors.h(54): warning C4838: conversion from 'double' to 'const GLfloat' requires a narrowing conversion
c:\users\dominik\desktop\grafika\zajecia6\zad1\main\main\colors.h(54): warning C4305: 'initializing': truncation from 'double' to 'const GLfloat'
c:\users\dominik\desktop\grafika\zajecia6\zad1\main\main\colors.h(66): warning C4838: conversion from 'double' to 'const GLfloat' requires a narrowing conversion
c:\users\dominik\desktop\grafika\zajecia6\zad1\main\main\colors.h(66): warning C4305: 'initializing': truncation from 'double' to 'const GLfloat'
c:\users\dominik\desktop\grafika\zajecia6\zad1\main\main\colors.h(80): warning C4838: conversion from 'double' to 'const GLfloat' requires a narrowing conversion
c:\users\dominik\desktop\grafika\zajecia6\zad1\main\main\colors.h(80): warning C4305: 'initializing': truncation from 'double' to 'const GLfloat'
c:\users\dominik\desktop\grafika\zajecia6\zad1\main\main\colors.h(87): warning C4838: conversion from 'double' to 'const GLfloat' requires a narrowing conversion
c:\users\dominik\desktop\grafika\zajecia6\zad1\main\main\colors.h(87): warning C4305: 'initializing': truncation from 'double' to 'const GLfloat'
c:\users\dominik\desktop\grafika\zajecia6\zad1\main\main\colors.h(92): warning C4838: conversion from 'double' to 'const GLfloat' requires a narrowing conversion
c:\users\dominik\desktop\grafika\zajecia6\zad1\main\main\colors.h(92): warning C4305: 'initializing': truncation from 'double' to 'const GLfloat'
c:\users\dominik\desktop\grafika\zajecia6\zad1\main\main\colors.h(97): warning C4838: conversion from 'double' to 'const GLfloat' requires a narrowing conversion
c:\users\dominik\desktop\grafika\zajecia6\zad1\main\main\colors.h(97): warning C4305: 'initializing': truncation from 'double' to 'const GLfloat'
c:\users\dominik\desktop\grafika\zajecia6\zad1\main\main\colors.h(102): warning C4838: conversion from 'double' to 'const GLfloat' requires a narrowing conversion
c:\users\dominik\desktop\grafika\zajecia6\zad1\main\main\colors.h(102): warning C4305: 'initializing': truncation from 'double' to 'const GLfloat'
c:\users\dominik\desktop\grafika\zajecia6\zad1\main\main\colors.h(109): warning C4838: conversion from 'double' to 'const GLfloat' requires a narrowing conversion
c:\users\dominik\desktop\grafika\zajecia6\zad1\main\main\colors.h(109): warning C4305: 'initializing': truncation from 'double' to 'const GLfloat'
c:\users\dominik\desktop\grafika\zajecia6\zad1\main\main\colors.h(116): warning C4838: conversion from 'double' to 'const GLfloat' requires a narrowing conversion
c:\users\dominik\desktop\grafika\zajecia6\zad1\main\main\colors.h(116): warning C4305: 'initializing': truncation from 'double' to 'const GLfloat'
c:\users\dominik\desktop\grafika\zajecia6\zad1\main\main\colors.h(121): warning C4838: conversion from 'double' to 'const GLfloat' requires a narrowing conversion
c:\users\dominik\desktop\grafika\zajecia6\zad1\main\main\colors.h(121): warning C4305: 'initializing': truncation from 'double' to 'const GLfloat'
c:\users\dominik\desktop\grafika\zajecia6\zad1\main\main\colors.h(126): warning C4838: conversion from 'double' to 'const GLfloat' requires a narrowing conversion
c:\users\dominik\desktop\grafika\zajecia6\zad1\main\main\colors.h(126): warning C4305: 'initializing': truncation from 'double' to 'const GLfloat'
c:\users\dominik\desktop\grafika\zajecia6\zad1\main\main\colors.h(133): warning C4838: conversion from 'double' to 'const GLfloat' requires a narrowing conversion
c:\users\dominik\desktop\grafika\zajecia6\zad1\main\main\colors.h(133): warning C4305: 'initializing': truncation from 'double' to 'const GLfloat'
c:\users\dominik\desktop\grafika\zajecia6\zad1\main\main\colors.h(147): warning C4838: conversion from 'double' to 'const GLfloat' requires a narrowing conversion
c:\users\dominik\desktop\grafika\zajecia6\zad1\main\main\colors.h(147): warning C4305: 'initializing': truncation from 'double' to 'const GLfloat'
c:\users\dominik\desktop\grafika\zajecia6\zad1\main\main\colors.h(154): warning C4838: conversion from 'double' to 'const GLfloat' requires a narrowing conversion
c:\users\dominik\desktop\grafika\zajecia6\zad1\main\main\colors.h(154): warning C4305: 'initializing': truncation from 'double' to 'const GLfloat'
c:\users\dominik\desktop\grafika\zajecia6\zad1\main\main\colors.h(159): warning C4838: conversion from 'double' to 'const GLfloat' requires a narrowing conversion
c:\users\dominik\desktop\grafika\zajecia6\zad1\main\main\colors.h(159): warning C4305: 'initializing': truncation from 'double' to 'const GLfloat'
c:\users\dominik\desktop\grafika\zajecia6\zad1\main\main\colors.h(166): warning C4838: conversion from 'double' to 'const GLfloat' requires a narrowing conversion
c:\users\dominik\desktop\grafika\zajecia6\zad1\main\main\colors.h(166): warning C4305: 'initializing': truncation from 'double' to 'const GLfloat'
c:\users\dominik\desktop\grafika\zajecia6\zad1\main\main\colors.h(173): warning C4838: conversion from 'double' to 'const GLfloat' requires a narrowing conversion
c:\users\dominik\desktop\grafika\zajecia6\zad1\main\main\colors.h(173): warning C4305: 'initializing': truncation from 'double' to 'const GLfloat'
c:\users\dominik\desktop\grafika\zajecia6\zad1\main\main\colors.h(180): warning C4838: conversion from 'double' to 'const GLfloat' requires a narrowing conversion
c:\users\dominik\desktop\grafika\zajecia6\zad1\main\main\colors.h(180): warning C4305: 'initializing': truncation from 'double' to 'const GLfloat'
c:\users\dominik\desktop\grafika\zajecia6\zad1\main\main\colors.h(187): warning C4838: conversion from 'double' to 'const GLfloat' requires a narrowing conversion
c:\users\dominik\desktop\grafika\zajecia6\zad1\main\main\colors.h(187): warning C4305: 'initializing': truncation from 'double' to 'const GLfloat'
c:\users\dominik\desktop\grafika\zajecia6\zad1\main\main\colors.h(192): warning C4838: conversion from 'double' to 'const GLfloat' requires a narrowing conversion
c:\users\dominik\desktop\grafika\zajecia6\zad1\main\main\colors.h(192): warning C4305: 'initializing': truncation from 'double' to 'const GLfloat'
c:\users\dominik\desktop\grafika\zajecia6\zad1\main\main\colors.h(199): warning C4838: conversion from 'double' to 'const GLfloat' requires a narrowing conversion
c:\users\dominik\desktop\grafika\zajecia6\zad1\main\main\colors.h(199): warning C4305: 'initializing': truncation from 'double' to 'const GLfloat'
c:\users\dominik\desktop\grafika\zajecia6\zad1\main\main\colors.h(204): warning C4838: conversion from 'double' to 'const GLfloat' requires a narrowing conversion
c:\users\dominik\desktop\grafika\zajecia6\zad1\main\main\colors.h(204): warning C4305: 'initializing': truncation from 'double' to 'const GLfloat'
c:\users\dominik\desktop\grafika\zajecia6\zad1\main\main\colors.h(211): warning C4838: conversion from 'double' to 'const GLfloat' requires a narrowing conversion
c:\users\dominik\desktop\grafika\zajecia6\zad1\main\main\colors.h(211): warning C4305: 'initializing': truncation from 'double' to 'const GLfloat'
c:\users\dominik\desktop\grafika\zajecia6\zad1\main\main\colors.h(216): warning C4838: conversion from 'double' to 'const GLfloat' requires a narrowing conversion
c:\users\dominik\desktop\grafika\zajecia6\zad1\main\main\colors.h(216): warning C4305: 'initializing': truncation from 'double' to 'const GLfloat'
c:\users\dominik\desktop\grafika\zajecia6\zad1\main\main\colors.h(221): warning C4838: conversion from 'double' to 'const GLfloat' requires a narrowing conversion
c:\users\dominik\desktop\grafika\zajecia6\zad1\main\main\colors.h(221): warning C4305: 'initializing': truncation from 'double' to 'const GLfloat'
c:\users\dominik\desktop\grafika\zajecia6\zad1\main\main\colors.h(226): warning C4838: conversion from 'double' to 'const GLfloat' requires a narrowing conversion
c:\users\dominik\desktop\grafika\zajecia6\zad1\main\main\colors.h(226): warning C4305: 'initializing': truncation from 'double' to 'const GLfloat'
c:\users\dominik\desktop\grafika\zajecia6\zad1\main\main\colors.h(231): warning C4838: conversion from 'double' to 'const GLfloat' requires a narrowing conversion
c:\users\dominik\desktop\grafika\zajecia6\zad1\main\main\colors.h(231): warning C4305: 'initializing': truncation from 'double' to 'const GLfloat'
c:\users\dominik\desktop\grafika\zajecia6\zad1\main\main\colors.h(236): warning C4838: conversion from 'double' to 'const GLfloat' requires a narrowing conversion
c:\users\dominik\desktop\grafika\zajecia6\zad1\main\main\colors.h(236): warning C4305: 'initializing': truncation from 'double' to 'const GLfloat'
c:\users\dominik\desktop\grafika\zajecia6\zad1\main\main\colors.h(243): warning C4838: conversion from 'double' to 'const GLfloat' requires a narrowing conversion
c:\users\dominik\desktop\grafika\zajecia6\zad1\main\main\colors.h(243): warning C4305: 'initializing': truncation from 'double' to 'const GLfloat'
c:\users\dominik\desktop\grafika\zajecia6\zad1\main\main\colors.h(248): warning C4838: conversion from 'double' to 'const GLfloat' requires a narrowing conversion
c:\users\dominik\desktop\grafika\zajecia6\zad1\main\main\colors.h(248): warning C4305: 'initializing': truncation from 'double' to 'const GLfloat'
c:\users\dominik\desktop\grafika\zajecia6\zad1\main\main\colors.h(253): warning C4838: conversion from 'double' to 'const GLfloat' requires a narrowing conversion
c:\users\dominik\desktop\grafika\zajecia6\zad1\main\main\colors.h(253): warning C4305: 'initializing': truncation from 'double' to 'const GLfloat'
c:\users\dominik\desktop\grafika\zajecia6\zad1\main\main\colors.h(258): warning C4838: conversion from 'double' to 'const GLfloat' requires a narrowing conversion
c:\users\dominik\desktop\grafika\zajecia6\zad1\main\main\colors.h(258): warning C4305: 'initializing': truncation from 'double' to 'const GLfloat'
c:\users\dominik\desktop\grafika\zajecia6\zad1\main\main\colors.h(263): warning C4838: conversion from 'double' to 'const GLfloat' requires a narrowing conversion
c:\users\dominik\desktop\grafika\zajecia6\zad1\main\main\colors.h(263): warning C4305: 'initializing': truncation from 'double' to 'const GLfloat'
c:\users\dominik\desktop\grafika\zajecia6\zad1\main\main\colors.h(268): warning C4838: conversion from 'double' to 'const GLfloat' requires a narrowing conversion
c:\users\dominik\desktop\grafika\zajecia6\zad1\main\main\colors.h(268): warning C4305: 'initializing': truncation from 'double' to 'const GLfloat'
c:\users\dominik\desktop\grafika\zajecia6\zad1\main\main\colors.h(273): warning C4838: conversion from 'double' to 'const GLfloat' requires a narrowing conversion
c:\users\dominik\desktop\grafika\zajecia6\zad1\main\main\colors.h(273): warning C4305: 'initializing': truncation from 'double' to 'const GLfloat'
c:\users\dominik\desktop\grafika\zajecia6\zad1\main\main\colors.h(278): warning C4838: conversion from 'double' to 'const GLfloat' requires a narrowing conversion
c:\users\dominik\desktop\grafika\zajecia6\zad1\main\main\colors.h(278): warning C4305: 'initializing': truncation from 'double' to 'const GLfloat'
c:\users\dominik\desktop\grafika\zajecia6\zad1\main\main\colors.h(290): warning C4838: conversion from 'double' to 'const GLfloat' requires a narrowing conversion
c:\users\dominik\desktop\grafika\zajecia6\zad1\main\main\colors.h(290): warning C4305: 'initializing': truncation from 'double' to 'const GLfloat'
c:\users\dominik\desktop\grafika\zajecia6\zad1\main\main\colors.h(295): warning C4838: conversion from 'double' to 'const GLfloat' requires a narrowing conversion
c:\users\dominik\desktop\grafika\zajecia6\zad1\main\main\colors.h(295): warning C4305: 'initializing': truncation from 'double' to 'const GLfloat'
c:\users\dominik\desktop\grafika\zajecia6\zad1\main\main\colors.h(302): warning C4838: conversion from 'double' to 'const GLfloat' requires a narrowing conversion
c:\users\dominik\desktop\grafika\zajecia6\zad1\main\main\colors.h(302): warning C4305: 'initializing': truncation from 'double' to 'const GLfloat'
c:\users\dominik\desktop\grafika\zajecia6\zad1\main\main\colors.h(307): warning C4838: conversion from 'double' to 'const GLfloat' requires a narrowing conversion
c:\users\dominik\desktop\grafika\zajecia6\zad1\main\main\colors.h(307): warning C4305: 'initializing': truncation from 'double' to 'const GLfloat'
c:\users\dominik\desktop\grafika\zajecia6\zad1\main\main\colors.h(314): warning C4838: conversion from 'double' to 'const GLfloat' requires a narrowing conversion
c:\users\dominik\desktop\grafika\zajecia6\zad1\main\main\colors.h(314): warning C4305: 'initializing': truncation from 'double' to 'const GLfloat'
c:\users\dominik\desktop\grafika\zajecia6\zad1\main\main\colors.h(321): warning C4838: conversion from 'double' to 'const GLfloat' requires a narrowing conversion
c:\users\dominik\desktop\grafika\zajecia6\zad1\main\main\colors.h(321): warning C4305: 'initializing': truncation from 'double' to 'const GLfloat'
c:\users\dominik\desktop\grafika\zajecia6\zad1\main\main\colors.h(328): warning C4838: conversion from 'double' to 'const GLfloat' requires a narrowing conversion
c:\users\dominik\desktop\grafika\zajecia6\zad1\main\main\colors.h(328): warning C4305: 'initializing': truncation from 'double' to 'const GLfloat'
c:\users\dominik\desktop\grafika\zajecia6\zad1\main\main\colors.h(335): warning C4838: conversion from 'double' to 'const GLfloat' requires a narrowing conversion
c:\users\dominik\desktop\grafika\zajecia6\zad1\main\main\colors.h(335): warning C4305: 'initializing': truncation from 'double' to 'const GLfloat'
c:\users\dominik\desktop\grafika\zajecia6\zad1\main\main\colors.h(342): warning C4838: conversion from 'double' to 'const GLfloat' requires a narrowing conversion
c:\users\dominik\desktop\grafika\zajecia6\zad1\main\main\colors.h(342): warning C4305: 'initializing': truncation from 'double' to 'const GLfloat'
c:\users\dominik\desktop\grafika\zajecia6\zad1\main\main\colors.h(347): warning C4838: conversion from 'double' to 'const GLfloat' requires a narrowing conversion
c:\users\dominik\desktop\grafika\zajecia6\zad1\main\main\colors.h(347): warning C4305: 'initializing': truncation from 'double' to 'const GLfloat'
c:\users\dominik\desktop\grafika\zajecia6\zad1\main\main\colors.h(354): warning C4838: conversion from 'double' to 'const GLfloat' requires a narrowing conversion
c:\users\dominik\desktop\grafika\zajecia6\zad1\main\main\colors.h(354): warning C4305: 'initializing': truncation from 'double' to 'const GLfloat'
c:\users\dominik\desktop\grafika\zajecia6\zad1\main\main\colors.h(361): warning C4838: conversion from 'double' to 'const GLfloat' requires a narrowing conversion
c:\users\dominik\desktop\grafika\zajecia6\zad1\main\main\colors.h(361): warning C4305: 'initializing': truncation from 'double' to 'const GLfloat'
c:\users\dominik\desktop\grafika\zajecia6\zad1\main\main\colors.h(368): warning C4838: conversion from 'double' to 'const GLfloat' requires a narrowing conversion
c:\users\dominik\desktop\grafika\zajecia6\zad1\main\main\colors.h(368): warning C4305: 'initializing': truncation from 'double' to 'const GLfloat'
c:\users\dominik\desktop\grafika\zajecia6\zad1\main\main\colors.h(375): warning C4838: conversion from 'double' to 'const GLfloat' requires a narrowing conversion
c:\users\dominik\desktop\grafika\zajecia6\zad1\main\main\colors.h(375): warning C4305: 'initializing': truncation from 'double' to 'const GLfloat'
c:\users\dominik\desktop\grafika\zajecia6\zad1\main\main\colors.h(380): warning C4838: conversion from 'double' to 'const GLfloat' requires a narrowing conversion
c:\users\dominik\desktop\grafika\zajecia6\zad1\main\main\colors.h(380): warning C4305: 'initializing': truncation from 'double' to 'const GLfloat'
c:\users\dominik\desktop\grafika\zajecia6\zad1\main\main\colors.h(385): warning C4838: conversion from 'double' to 'const GLfloat' requires a narrowing conversion
c:\users\dominik\desktop\grafika\zajecia6\zad1\main\main\colors.h(385): warning C4305: 'initializing': truncation from 'double' to 'const GLfloat'
c:\users\dominik\desktop\grafika\zajecia6\zad1\main\main\colors.h(390): warning C4838: conversion from 'double' to 'const GLfloat' requires a narrowing conversion
c:\users\dominik\desktop\grafika\zajecia6\zad1\main\main\colors.h(390): warning C4305: 'initializing': truncation from 'double' to 'const GLfloat'
c:\users\dominik\desktop\grafika\zajecia6\zad1\main\main\colors.h(395): warning C4838: conversion from 'double' to 'const GLfloat' requires a narrowing conversion
c:\users\dominik\desktop\grafika\zajecia6\zad1\main\main\colors.h(395): warning C4305: 'initializing': truncation from 'double' to 'const GLfloat'
c:\users\dominik\desktop\grafika\zajecia6\zad1\main\main\colors.h(400): warning C4838: conversion from 'double' to 'const GLfloat' requires a narrowing conversion
c:\users\dominik\desktop\grafika\zajecia6\zad1\main\main\colors.h(400): warning C4305: 'initializing': truncation from 'double' to 'const GLfloat'
c:\users\dominik\desktop\grafika\zajecia6\zad1\main\main\colors.h(405): warning C4838: conversion from 'double' to 'const GLfloat' requires a narrowing conversion
c:\users\dominik\desktop\grafika\zajecia6\zad1\main\main\colors.h(405): warning C4305: 'initializing': truncation from 'double' to 'const GLfloat'
c:\users\dominik\desktop\grafika\zajecia6\zad1\main\main\colors.h(410): warning C4838: conversion from 'double' to 'const GLfloat' requires a narrowing conversion
c:\users\dominik\desktop\grafika\zajecia6\zad1\main\main\colors.h(410): warning C4305: 'initializing': truncation from 'double' to 'const GLfloat'
c:\users\dominik\desktop\grafika\zajecia6\zad1\main\main\colors.h(415): warning C4838: conversion from 'double' to 'const GLfloat' requires a narrowing conversion
c:\users\dominik\desktop\grafika\zajecia6\zad1\main\main\colors.h(415): warning C4305: 'initializing': truncation from 'double' to 'const GLfloat'
c:\users\dominik\desktop\grafika\zajecia6\zad1\main\main\colors.h(420): warning C4838: conversion from 'double' to 'const GLfloat' requires a narrowing conversion
c:\users\dominik\desktop\grafika\zajecia6\zad1\main\main\colors.h(420): warning C4305: 'initializing': truncation from 'double' to 'const GLfloat'
c:\users\dominik\desktop\grafika\zajecia6\zad1\main\main\colors.h(425): warning C4838: conversion from 'double' to 'const GLfloat' requires a narrowing conversion
c:\users\dominik\desktop\grafika\zajecia6\zad1\main\main\colors.h(425): warning C4305: 'initializing': truncation from 'double' to 'const GLfloat'
c:\users\dominik\desktop\grafika\zajecia6\zad1\main\main\colors.h(430): warning C4838: conversion from 'double' to 'const GLfloat' requires a narrowing conversion
c:\users\dominik\desktop\grafika\zajecia6\zad1\main\main\colors.h(430): warning C4305: 'initializing': truncation from 'double' to 'const GLfloat'
c:\users\dominik\desktop\grafika\zajecia6\zad1\main\main\colors.h(435): warning C4838: conversion from 'double' to 'const GLfloat' requires a narrowing conversion
c:\users\dominik\desktop\grafika\zajecia6\zad1\main\main\colors.h(435): warning C4305: 'initializing': truncation from 'double' to 'const GLfloat'
c:\users\dominik\desktop\grafika\zajecia6\zad1\main\main\colors.h(440): warning C4838: conversion from 'double' to 'const GLfloat' requires a narrowing conversion
c:\users\dominik\desktop\grafika\zajecia6\zad1\main\main\colors.h(440): warning C4305: 'initializing': truncation from 'double' to 'const GLfloat'
c:\users\dominik\desktop\grafika\zajecia6\zad1\main\main\colors.h(445): warning C4838: conversion from 'double' to 'const GLfloat' requires a narrowing conversion
c:\users\dominik\desktop\grafika\zajecia6\zad1\main\main\colors.h(445): warning C4305: 'initializing': truncation from 'double' to 'const GLfloat'
c:\users\dominik\desktop\grafika\zajecia6\zad1\main\main\colors.h(450): warning C4838: conversion from 'double' to 'const GLfloat' requires a narrowing conversion
c:\users\dominik\desktop\grafika\zajecia6\zad1\main\main\colors.h(450): warning C4305: 'initializing': truncation from 'double' to 'const GLfloat'
c:\users\dominik\desktop\grafika\zajecia6\zad1\main\main\colors.h(455): warning C4838: conversion from 'double' to 'const GLfloat' requires a narrowing conversion
c:\users\dominik\desktop\grafika\zajecia6\zad1\main\main\colors.h(455): warning C4305: 'initializing': truncation from 'double' to 'const GLfloat'
c:\users\dominik\desktop\grafika\zajecia6\zad1\main\main\colors.h(469): warning C4838: conversion from 'double' to 'const GLfloat' requires a narrowing conversion
c:\users\dominik\desktop\grafika\zajecia6\zad1\main\main\colors.h(469): warning C4305: 'initializing': truncation from 'double' to 'const GLfloat'
c:\users\dominik\desktop\grafika\zajecia6\zad1\main\main\colors.h(476): warning C4838: conversion from 'double' to 'const GLfloat' requires a narrowing conversion
c:\users\dominik\desktop\grafika\zajecia6\zad1\main\main\colors.h(476): warning C4305: 'initializing': truncation from 'double' to 'const GLfloat'
c:\users\dominik\desktop\grafika\zajecia6\zad1\main\main\colors.h(490): warning C4838: conversion from 'double' to 'const GLfloat' requires a narrowing conversion
c:\users\dominik\desktop\grafika\zajecia6\zad1\main\main\colors.h(490): warning C4305: 'initializing': truncation from 'double' to 'const GLfloat'
c:\users\dominik\desktop\grafika\zajecia6\zad1\main\main\colors.h(495): warning C4838: conversion from 'double' to 'const GLfloat' requires a narrowing conversion
c:\users\dominik\desktop\grafika\zajecia6\zad1\main\main\colors.h(495): warning C4305: 'initializing': truncation from 'double' to 'const GLfloat'
c:\users\dominik\desktop\grafika\zajecia6\zad1\main\main\colors.h(500): warning C4838: conversion from 'double' to 'const GLfloat' requires a narrowing conversion
c:\users\dominik\desktop\grafika\zajecia6\zad1\main\main\colors.h(500): warning C4305: 'initializing': truncation from 'double' to 'const GLfloat'
c:\users\dominik\desktop\grafika\zajecia6\zad1\main\main\colors.h(505): warning C4838: conversion from 'double' to 'const GLfloat' requires a narrowing conversion
c:\users\dominik\desktop\grafika\zajecia6\zad1\main\main\colors.h(505): warning C4305: 'initializing': truncation from 'double' to 'const GLfloat'
c:\users\dominik\desktop\grafika\zajecia6\zad1\main\main\colors.h(510): warning C4838: conversion from 'double' to 'const GLfloat' requires a narrowing conversion
c:\users\dominik\desktop\grafika\zajecia6\zad1\main\main\colors.h(510): warning C4305: 'initializing': truncation from 'double' to 'const GLfloat'
c:\users\dominik\desktop\grafika\zajecia6\zad1\main\main\colors.h(515): warning C4838: conversion from 'double' to 'const GLfloat' requires a narrowing conversion
c:\users\dominik\desktop\grafika\zajecia6\zad1\main\main\colors.h(515): warning C4305: 'initializing': truncation from 'double' to 'const GLfloat'
c:\users\dominik\desktop\grafika\zajecia6\zad1\main\main\colors.h(520): warning C4838: conversion from 'double' to 'const GLfloat' requires a narrowing conversion
c:\users\dominik\desktop\grafika\zajecia6\zad1\main\main\colors.h(520): warning C4305: 'initializing': truncation from 'double' to 'const GLfloat'
c:\users\dominik\desktop\grafika\zajecia6\zad1\main\main\colors.h(525): warning C4838: conversion from 'double' to 'const GLfloat' requires a narrowing conversion
c:\users\dominik\desktop\grafika\zajecia6\zad1\main\main\colors.h(525): warning C4305: 'initializing': truncation from 'double' to 'const GLfloat'
c:\users\dominik\desktop\grafika\zajecia6\zad1\main\main\colors.h(530): warning C4838: conversion from 'double' to 'const GLfloat' requires a narrowing conversion
c:\users\dominik\desktop\grafika\zajecia6\zad1\main\main\colors.h(530): warning C4305: 'initializing': truncation from 'double' to 'const GLfloat'
c:\users\dominik\desktop\grafika\zajecia6\zad1\main\main\colors.h(535): warning C4838: conversion from 'double' to 'const GLfloat' requires a narrowing conversion
c:\users\dominik\desktop\grafika\zajecia6\zad1\main\main\colors.h(535): warning C4305: 'initializing': truncation from 'double' to 'const GLfloat'
c:\users\dominik\desktop\grafika\zajecia6\zad1\main\main\colors.h(540): warning C4838: conversion from 'double' to 'const GLfloat' requires a narrowing conversion
c:\users\dominik\desktop\grafika\zajecia6\zad1\main\main\colors.h(540): warning C4305: 'initializing': truncation from 'double' to 'const GLfloat'
c:\users\dominik\desktop\grafika\zajecia6\zad1\main\main\colors.h(545): warning C4838: conversion from 'double' to 'const GLfloat' requires a narrowing conversion
c:\users\dominik\desktop\grafika\zajecia6\zad1\main\main\colors.h(545): warning C4305: 'initializing': truncation from 'double' to 'const GLfloat'
c:\users\dominik\desktop\grafika\zajecia6\zad1\main\main\colors.h(550): warning C4838: conversion from 'double' to 'const GLfloat' requires a narrowing conversion
c:\users\dominik\desktop\grafika\zajecia6\zad1\main\main\colors.h(550): warning C4305: 'initializing': truncation from 'double' to 'const GLfloat'
c:\users\dominik\desktop\grafika\zajecia6\zad1\main\main\colors.h(555): warning C4838: conversion from 'double' to 'const GLfloat' requires a narrowing conversion
c:\users\dominik\desktop\grafika\zajecia6\zad1\main\main\colors.h(555): warning C4305: 'initializing': truncation from 'double' to 'const GLfloat'
c:\users\dominik\desktop\grafika\zajecia6\zad1\main\main\colors.h(560): warning C4838: conversion from 'double' to 'const GLfloat' requires a narrowing conversion
c:\users\dominik\desktop\grafika\zajecia6\zad1\main\main\colors.h(560): warning C4305: 'initializing': truncation from 'double' to 'const GLfloat'
c:\users\dominik\desktop\grafika\zajecia6\zad1\main\main\colors.h(567): warning C4838: conversion from 'double' to 'const GLfloat' requires a narrowing conversion
c:\users\dominik\desktop\grafika\zajecia6\zad1\main\main\colors.h(567): warning C4305: 'initializing': truncation from 'double' to 'const GLfloat'
c:\users\dominik\desktop\grafika\zajecia6\zad1\main\main\colors.h(572): warning C4838: conversion from 'double' to 'const GLfloat' requires a narrowing conversion
c:\users\dominik\desktop\grafika\zajecia6\zad1\main\main\colors.h(572): warning C4305: 'initializing': truncation from 'double' to 'const GLfloat'
c:\users\dominik\desktop\grafika\zajecia6\zad1\main\main\colors.h(579): warning C4838: conversion from 'double' to 'const GLfloat' requires a narrowing conversion
c:\users\dominik\desktop\grafika\zajecia6\zad1\main\main\colors.h(579): warning C4305: 'initializing': truncation from 'double' to 'const GLfloat'
c:\users\dominik\desktop\grafika\zajecia6\zad1\main\main\colors.h(587): warning C4838: conversion from 'double' to 'const GLfloat' requires a narrowing conversion
c:\users\dominik\desktop\grafika\zajecia6\zad1\main\main\colors.h(587): warning C4305: 'initializing': truncation from 'double' to 'const GLfloat'
c:\users\dominik\desktop\grafika\zajecia6\zad1\main\main\colors.h(594): warning C4838: conversion from 'double' to 'const GLfloat' requires a narrowing conversion
c:\users\dominik\desktop\grafika\zajecia6\zad1\main\main\colors.h(594): warning C4305: 'initializing': truncation from 'double' to 'const GLfloat'
c:\users\dominik\desktop\grafika\zajecia6\zad1\main\main\colors.h(601): warning C4838: conversion from 'double' to 'const GLfloat' requires a narrowing conversion
c:\users\dominik\desktop\grafika\zajecia6\zad1\main\main\colors.h(601): warning C4305: 'initializing': truncation from 'double' to 'const GLfloat'
c:\users\dominik\desktop\grafika\zajecia6\zad1\main\main\colors.h(606): warning C4838: conversion from 'double' to 'const GLfloat' requires a narrowing conversion
c:\users\dominik\desktop\grafika\zajecia6\zad1\main\main\colors.h(606): warning C4305: 'initializing': truncation from 'double' to 'const GLfloat'
c:\users\dominik\desktop\grafika\zajecia6\zad1\main\main\colors.h(611): warning C4838: conversion from 'double' to 'const GLfloat' requires a narrowing conversion
c:\users\dominik\desktop\grafika\zajecia6\zad1\main\main\colors.h(611): warning C4305: 'initializing': truncation from 'double' to 'const GLfloat'
c:\users\dominik\desktop\grafika\zajecia6\zad1\main\main\colors.h(618): warning C4838: conversion from 'double' to 'const GLfloat' requires a narrowing conversion
c:\users\dominik\desktop\grafika\zajecia6\zad1\main\main\colors.h(618): warning C4305: 'initializing': truncation from 'double' to 'const GLfloat'
c:\users\dominik\desktop\grafika\zajecia6\zad1\main\main\colors.h(625): warning C4838: conversion from 'double' to 'const GLfloat' requires a narrowing conversion
c:\users\dominik\desktop\grafika\zajecia6\zad1\main\main\colors.h(625): warning C4305: 'initializing': truncation from 'double' to 'const GLfloat'
c:\users\dominik\desktop\grafika\zajecia6\zad1\main\main\colors.h(630): warning C4838: conversion from 'double' to 'const GLfloat' requires a narrowing conversion
c:\users\dominik\desktop\grafika\zajecia6\zad1\main\main\colors.h(630): warning C4305: 'initializing': truncation from 'double' to 'const GLfloat'
c:\users\dominik\desktop\grafika\zajecia6\zad1\main\main\colors.h(635): warning C4838: conversion from 'double' to 'const GLfloat' requires a narrowing conversion
c:\users\dominik\desktop\grafika\zajecia6\zad1\main\main\colors.h(635): warning C4305: 'initializing': truncation from 'double' to 'const GLfloat'
c:\users\dominik\desktop\grafika\zajecia6\zad1\main\main\colors.h(640): warning C4838: conversion from 'double' to 'const GLfloat' requires a narrowing conversion
c:\users\dominik\desktop\grafika\zajecia6\zad1\main\main\colors.h(640): warning C4305: 'initializing': truncation from 'double' to 'const GLfloat'
c:\users\dominik\desktop\grafika\zajecia6\zad1\main\main\colors.h(645): warning C4838: conversion from 'double' to 'const GLfloat' requires a narrowing conversion
c:\users\dominik\desktop\grafika\zajecia6\zad1\main\main\colors.h(645): warning C4305: 'initializing': truncation from 'double' to 'const GLfloat'
c:\users\dominik\desktop\grafika\zajecia6\zad1\main\main\colors.h(652): warning C4838: conversion from 'double' to 'const GLfloat' requires a narrowing conversion
c:\users\dominik\desktop\grafika\zajecia6\zad1\main\main\colors.h(652): warning C4305: 'initializing': truncation from 'double' to 'const GLfloat'
c:\users\dominik\desktop\grafika\zajecia6\zad1\main\main\colors.h(659): warning C4838: conversion from 'double' to 'const GLfloat' requires a narrowing conversion
c:\users\dominik\desktop\grafika\zajecia6\zad1\main\main\colors.h(659): warning C4305: 'initializing': truncation from 'double' to 'const GLfloat'
c:\users\dominik\desktop\grafika\zajecia6\zad1\main\main\colors.h(664): warning C4838: conversion from 'double' to 'const GLfloat' requires a narrowing conversion
c:\users\dominik\desktop\grafika\zajecia6\zad1\main\main\colors.h(664): warning C4305: 'initializing': truncation from 'double' to 'const GLfloat'
c:\users\dominik\desktop\grafika\zajecia6\zad1\main\main\colors.h(671): warning C4838: conversion from 'double' to 'const GLfloat' requires a narrowing conversion
c:\users\dominik\desktop\grafika\zajecia6\zad1\main\main\colors.h(671): warning C4305: 'initializing': truncation from 'double' to 'const GLfloat'
c:\users\dominik\desktop\grafika\zajecia6\zad1\main\main\colors.h(683): warning C4838: conversion from 'double' to 'const GLfloat' requires a narrowing conversion
c:\users\dominik\desktop\grafika\zajecia6\zad1\main\main\colors.h(683): warning C4305: 'initializing': truncation from 'double' to 'const GLfloat'
c:\users\dominik\desktop\grafika\zajecia6\zad1\main\main\colors.h(688): warning C4838: conversion from 'double' to 'const GLfloat' requires a narrowing conversion
c:\users\dominik\desktop\grafika\zajecia6\zad1\main\main\colors.h(688): warning C4305: 'initializing': truncation from 'double' to 'const GLfloat'
c:\users\dominik\desktop\grafika\zajecia6\zad1\main\main\colors.h(695): warning C4838: conversion from 'double' to 'const GLfloat' requires a narrowing conversion
c:\users\dominik\desktop\grafika\zajecia6\zad1\main\main\colors.h(695): warning C4305: 'initializing': truncation from 'double' to 'const GLfloat'
c:\users\dominik\desktop\grafika\zajecia6\zad1\main\main\colors.h(702): warning C4838: conversion from 'double' to 'const GLfloat' requires a narrowing conversion
c:\users\dominik\desktop\grafika\zajecia6\zad1\main\main\colors.h(702): warning C4305: 'initializing': truncation from 'double' to 'const GLfloat'
c:\users\dominik\desktop\grafika\zajecia6\zad1\main\main\colors.h(707): warning C4838: conversion from 'double' to 'const GLfloat' requires a narrowing conversion
c:\users\dominik\desktop\grafika\zajecia6\zad1\main\main\colors.h(707): warning C4305: 'initializing': truncation from 'double' to 'const GLfloat'
c:\users\dominik\desktop\grafika\zajecia6\zad1\main\main\colors.h(712): warning C4838: conversion from 'double' to 'const GLfloat' requires a narrowing conversion
c:\users\dominik\desktop\grafika\zajecia6\zad1\main\main\colors.h(712): warning C4305: 'initializing': truncation from 'double' to 'const GLfloat'
c:\users\dominik\desktop\grafika\zajecia6\zad1\main\main\colors.h(717): warning C4838: conversion from 'double' to 'const GLfloat' requires a narrowing conversion
c:\users\dominik\desktop\grafika\zajecia6\zad1\main\main\colors.h(717): warning C4305: 'initializing': truncation from 'double' to 'const GLfloat'
c:\users\dominik\desktop\grafika\zajecia6\zad1\main\main\colors.h(724): warning C4838: conversion from 'double' to 'const GLfloat' requires a narrowing conversion
c:\users\dominik\desktop\grafika\zajecia6\zad1\main\main\colors.h(724): warning C4305: 'initializing': truncation from 'double' to 'const GLfloat'
c:\users\dominik\desktop\grafika\zajecia6\zad1\main\main\colors.h(731): warning C4838: conversion from 'double' to 'const GLfloat' requires a narrowing conversion
c:\users\dominik\desktop\grafika\zajecia6\zad1\main\main\colors.h(731): warning C4305: 'initializing': truncation from 'double' to 'const GLfloat'
c:\users\dominik\desktop\grafika\zajecia6\zad1\main\main\colors.h(738): warning C4838: conversion from 'double' to 'const GLfloat' requires a narrowing conversion
c:\users\dominik\desktop\grafika\zajecia6\zad1\main\main\colors.h(738): warning C4305: 'initializing': truncation from 'double' to 'const GLfloat'
c:\users\dominik\desktop\grafika\zajecia6\zad1\main\main\colors.h(745): warning C4838: conversion from 'double' to 'const GLfloat' requires a narrowing conversion
c:\users\dominik\desktop\grafika\zajecia6\zad1\main\main\colors.h(745): warning C4305: 'initializing': truncation from 'double' to 'const GLfloat'
c:\users\dominik\desktop\grafika\zajecia6\zad1\main\main\colors.h(752): warning C4838: conversion from 'double' to 'const GLfloat' requires a narrowing conversion
c:\users\dominik\desktop\grafika\zajecia6\zad1\main\main\colors.h(752): warning C4305: 'initializing': truncation from 'double' to 'const GLfloat'
c:\users\dominik\desktop\grafika\zajecia6\zad1\main\main\colors.h(759): warning C4838: conversion from 'double' to 'const GLfloat' requires a narrowing conversion
c:\users\dominik\desktop\grafika\zajecia6\zad1\main\main\colors.h(759): warning C4305: 'initializing': truncation from 'double' to 'const GLfloat'
c:\users\dominik\desktop\grafika\zajecia6\zad1\main\main\colors.h(766): warning C4838: conversion from 'double' to 'const GLfloat' requires a narrowing conversion
c:\users\dominik\desktop\grafika\zajecia6\zad1\main\main\colors.h(766): warning C4305: 'initializing': truncation from 'double' to 'const GLfloat'
c:\users\dominik\desktop\grafika\zajecia6\zad1\main\main\colors.h(773): warning C4838: conversion from 'double' to 'const GLfloat' requires a narrowing conversion
c:\users\dominik\desktop\grafika\zajecia6\zad1\main\main\colors.h(773): warning C4305: 'initializing': truncation from 'double' to 'const GLfloat'
c:\users\dominik\desktop\grafika\zajecia6\zad1\main\main\colors.h(780): warning C4838: conversion from 'double' to 'const GLfloat' requires a narrowing conversion
c:\users\dominik\desktop\grafika\zajecia6\zad1\main\main\colors.h(780): warning C4305: 'initializing': truncation from 'double' to 'const GLfloat'
c:\users\dominik\desktop\grafika\zajecia6\zad1\main\main\colors.h(787): warning C4838: conversion from 'double' to 'const GLfloat' requires a narrowing conversion
c:\users\dominik\desktop\grafika\zajecia6\zad1\main\main\colors.h(787): warning C4305: 'initializing': truncation from 'double' to 'const GLfloat'
c:\users\dominik\desktop\grafika\zajecia6\zad1\main\main\colors.h(794): warning C4838: conversion from 'double' to 'const GLfloat' requires a narrowing conversion
c:\users\dominik\desktop\grafika\zajecia6\zad1\main\main\colors.h(794): warning C4305: 'initializing': truncation from 'double' to 'const GLfloat'
c:\users\dominik\desktop\grafika\zajecia6\zad1\main\main\colors.h(801): warning C4838: conversion from 'double' to 'const GLfloat' requires a narrowing conversion
c:\users\dominik\desktop\grafika\zajecia6\zad1\main\main\colors.h(801): warning C4305: 'initializing': truncation from 'double' to 'const GLfloat'
c:\users\dominik\desktop\grafika\zajecia6\zad1\main\main\colors.h(815): warning C4838: conversion from 'double' to 'const GLfloat' requires a narrowing conversion
c:\users\dominik\desktop\grafika\zajecia6\zad1\main\main\colors.h(815): warning C4305: 'initializing': truncation from 'double' to 'const GLfloat'
c:\users\dominik\desktop\grafika\zajecia6\zad1\main\main\colors.h(822): warning C4838: conversion from 'double' to 'const GLfloat' requires a narrowing conversion
c:\users\dominik\desktop\grafika\zajecia6\zad1\main\main\colors.h(822): warning C4305: 'initializing': truncation from 'double' to 'const GLfloat'
c:\users\dominik\desktop\grafika\zajecia6\zad1\main\main\colors.h(827): warning C4838: conversion from 'double' to 'const GLfloat' requires a narrowing conversion
c:\users\dominik\desktop\grafika\zajecia6\zad1\main\main\colors.h(827): warning C4305: 'initializing': truncation from 'double' to 'const GLfloat'
c:\users\dominik\desktop\grafika\zajecia6\zad1\main\main\colors.h(839): warning C4838: conversion from 'double' to 'const GLfloat' requires a narrowing conversion
c:\users\dominik\desktop\grafika\zajecia6\zad1\main\main\colors.h(839): warning C4305: 'initializing': truncation from 'double' to 'const GLfloat'
c:\users\dominik\desktop\grafika\zajecia6\zad1\main\main\colors.h(853): warning C4838: conversion from 'double' to 'const GLfloat' requires a narrowing conversion
c:\users\dominik\desktop\grafika\zajecia6\zad1\main\main\colors.h(853): warning C4305: 'initializing': truncation from 'double' to 'const GLfloat'
c:\users\dominik\desktop\grafika\zajecia6\zad1\main\main\main.cpp(294): warning C4305: '+=': truncation from 'double' to 'GLfloat'
c:\users\dominik\desktop\grafika\zajecia6\zad1\main\main\main.cpp(299): warning C4305: '-=': truncation from 'double' to 'GLfloat'
c:\users\dominik\desktop\grafika\zajecia6\zad1\main\main\main.cpp(360): warning C4244: '+=': conversion from 'double' to 'GLfloat', possible loss of data
c:\users\dominik\desktop\grafika\zajecia6\zad1\main\main\main.cpp(362): warning C4244: '+=': conversion from 'double' to 'GLfloat', possible loss of data
  main.vcxproj -> C:\Users\Dominik\Desktop\Grafika\Zajecia6\Zad1\main\Debug\main.exe
